#
# There is insufficient memory for the Java Runtime Environment to continue.
# Native memory allocation (malloc) failed to allocate 1048576 bytes. Error detail: AllocateHeap
# Possible reasons:
#   The system is out of physical RAM or swap space
#   This process is running with CompressedOops enabled, and the Java Heap may be blocking the growth of the native heap
# Possible solutions:
#   Reduce memory load on the system
#   Increase physical memory or swap space
#   Check if swap backing store is full
#   Decrease Java heap size (-Xmx/-Xms)
#   Decrease number of Java threads
#   Decrease Java thread stack sizes (-Xss)
#   Set larger code cache with -XX:ReservedCodeCacheSize=
#   JVM is running with Unscaled Compressed Oops mode in which the Java heap is
#     placed in the first 4GB address space. The Java Heap base address is the
#     maximum limit for the native heap growth. Please use -XX:HeapBaseMinAddress
#     to set the Java Heap base and to place the Java Heap above 4GB virtual address.
# This output file may be truncated or incomplete.
#
#  Out of Memory Error (allocation.cpp:44), pid=3420, tid=7728
#
# JRE version: OpenJDK Runtime Environment Temurin-21.0.10+7 (21.0.10+7) (build 21.0.10+7-LTS)
# Java VM: OpenJDK 64-Bit Server VM Temurin-21.0.10+7 (21.0.10+7-LTS, mixed mode, sharing, tiered, compressed oops, compressed class ptrs, parallel gc, windows-amd64)
# No core dump will be written. Minidumps are not enabled by default on client versions of Windows
#

---------------  S U M M A R Y ------------

Command Line: --add-modules=ALL-SYSTEM --add-opens=java.base/java.util=ALL-UNNAMED --add-opens=java.base/java.lang=ALL-UNNAMED --add-opens=java.base/sun.nio.fs=ALL-UNNAMED -Declipse.application=org.eclipse.jdt.ls.core.id1 -Dosgi.bundles.defaultStartLevel=4 -Declipse.product=org.eclipse.jdt.ls.core.product -Djava.import.generatesMetadataFilesAtProjectRoot=false -DDetectVMInstallationsJob.disabled=true -Dfile.encoding=utf8 -XX:+UseParallelGC -XX:GCTimeRatio=4 -XX:AdaptiveSizePolicyWeight=90 -Dsun.zip.disableMemoryMapping=true -Xmx2G -Xms100m -Xlog:disable -javaagent:c:\Users\moham\.vscode\extensions\redhat.java-1.54.0-win32-x64\lombok\lombok-1.18.39-4050.jar -XX:+HeapDumpOnOutOfMemoryError -XX:HeapDumpPath=c:\Users\moham\AppData\Roaming\Code\User\workspaceStorage\34f54d7c7d1020507c0f31a64eb0328f\redhat.java -Daether.dependencyCollector.impl=bf c:\Users\moham\.vscode\extensions\redhat.java-1.54.0-win32-x64\server\plugins\org.eclipse.equinox.launcher_1.7.100.v20251111-0406.jar -configuration c:\Users\moham\AppData\Roaming\Code\User\globalStorage\redhat.java\1.54.0\config_win -data c:\Users\moham\AppData\Roaming\Code\User\workspaceStorage\34f54d7c7d1020507c0f31a64eb0328f\redhat.java\jdt_ws --pipe=\\.\pipe\lsp-bfbbccd5ab294fbeb359a0d355d8440e-sock

Host: Intel(R) Core(TM) i3-7020U CPU @ 2.30GHz, 4 cores, 7G,  Windows 10 , 64 bit Build 19041 (10.0.19041.7291)
Time: Fri May 22 16:21:09 2026 India Standard Time elapsed time: 1272.954255 seconds (0d 0h 21m 12s)

---------------  T H R E A D  ---------------

Current thread (0x000002082366d970):  JavaThread "Attach Listener" daemon [_thread_in_vm, id=7728, stack(0x0000002983800000,0x0000002983900000) (1024K)]

Stack: [0x0000002983800000,0x0000002983900000]
Native frames: (J=compiled Java code, j=interpreted, Vv=VM code, C=native code)
V  [jvm.dll+0x6d7a39]
V  [jvm.dll+0x8b4b26]
V  [jvm.dll+0x8b70de]
V  [jvm.dll+0x8b77c3]
V  [jvm.dll+0x284346]
V  [jvm.dll+0xc1277]
V  [jvm.dll+0x6d82e9]
V  [jvm.dll+0x1334a6]
V  [jvm.dll+0x3f857e]
V  [jvm.dll+0x85f59d]
V  [jvm.dll+0x6d626d]
C  [ucrtbase.dll+0x21bb2]
C  [KERNEL32.DLL+0x17374]
C  [ntdll.dll+0x4cc91]


---------------  P R O C E S S  ---------------

Threads class SMR info:
_java_thread_list=0x0000020800ec4cc0, length=30, elements={
0x000002082377e350, 0x0000020823668b90, 0x000002082366aab0, 0x000002082366ca50,
0x000002082366d970, 0x000002082366f5e0, 0x0000020823672050, 0x0000020823672e90,
0x00000208236dd3c0, 0x000002080012d1a0, 0x00000208002629c0, 0x0000020800548db0,
0x0000020800730510, 0x0000020800a5f170, 0x00000208001f3df0, 0x00000208006eee70,
0x0000020800e488f0, 0x0000020800e48f80, 0x0000020800e49610, 0x0000020801d55160,
0x0000020801d557f0, 0x0000020801d54ad0, 0x0000020801d53db0, 0x0000020801d54440,
0x00000208027ae6e0, 0x00000208027af400, 0x00000208027ac610, 0x00000208027ae050,
0x00000208027ad9c0, 0x00000208027aed70
}

Java Threads: ( => current thread )
  0x000002082377e350 JavaThread "main"                              [_thread_blocked, id=9436, stack(0x0000002983100000,0x0000002983200000) (1024K)]
  0x0000020823668b90 JavaThread "Reference Handler"          daemon [_thread_blocked, id=8084, stack(0x0000002983500000,0x0000002983600000) (1024K)]
  0x000002082366aab0 JavaThread "Finalizer"                  daemon [_thread_blocked, id=10780, stack(0x0000002983600000,0x0000002983700000) (1024K)]
  0x000002082366ca50 JavaThread "Signal Dispatcher"          daemon [_thread_blocked, id=13704, stack(0x0000002983700000,0x0000002983800000) (1024K)]
=>0x000002082366d970 JavaThread "Attach Listener"            daemon [_thread_in_vm, id=7728, stack(0x0000002983800000,0x0000002983900000) (1024K)]
  0x000002082366f5e0 JavaThread "Service Thread"             daemon [_thread_blocked, id=10864, stack(0x0000002983900000,0x0000002983a00000) (1024K)]
  0x0000020823672050 JavaThread "Monitor Deflation Thread"   daemon [_thread_blocked, id=11240, stack(0x0000002983a00000,0x0000002983b00000) (1024K)]
  0x0000020823672e90 JavaThread "C2 CompilerThread0"         daemon [_thread_blocked, id=8924, stack(0x0000002983b00000,0x0000002983c00000) (1024K)]
  0x00000208236dd3c0 JavaThread "C1 CompilerThread0"         daemon [_thread_blocked, id=132, stack(0x0000002983c00000,0x0000002983d00000) (1024K)]
  0x000002080012d1a0 JavaThread "Common-Cleaner"             daemon [_thread_blocked, id=6840, stack(0x0000002983d00000,0x0000002983e00000) (1024K)]
  0x00000208002629c0 JavaThread "Notification Thread"        daemon [_thread_blocked, id=11260, stack(0x0000002983e00000,0x0000002983f00000) (1024K)]
  0x0000020800548db0 JavaThread "Active Thread: Equinox Container: 7c2a60fb-5d0b-4ca9-9b2c-f8a2de25cf67"        [_thread_blocked, id=6956, stack(0x0000002984600000,0x0000002984700000) (1024K)]
  0x0000020800730510 JavaThread "Framework Event Dispatcher: Equinox Container: 7c2a60fb-5d0b-4ca9-9b2c-f8a2de25cf67" daemon [_thread_blocked, id=2728, stack(0x0000002983f00000,0x0000002984000000) (1024K)]
  0x0000020800a5f170 JavaThread "Start Level: Equinox Container: 7c2a60fb-5d0b-4ca9-9b2c-f8a2de25cf67" daemon [_thread_blocked, id=12060, stack(0x0000002984300000,0x0000002984400000) (1024K)]
  0x00000208001f3df0 JavaThread "Bundle File Closer"         daemon [_thread_blocked, id=11596, stack(0x0000002984400000,0x0000002984500000) (1024K)]
  0x00000208006eee70 JavaThread "Refresh Thread: Equinox Container: 7c2a60fb-5d0b-4ca9-9b2c-f8a2de25cf67" daemon [_thread_blocked, id=10076, stack(0x0000002984500000,0x0000002984600000) (1024K)]
  0x0000020800e488f0 JavaThread "SCR Component Actor"        daemon [_thread_blocked, id=9348, stack(0x0000002984700000,0x0000002984800000) (1024K)]
  0x0000020800e48f80 JavaThread "Worker-JM"                         [_thread_blocked, id=7456, stack(0x0000002984800000,0x0000002984900000) (1024K)]
  0x0000020800e49610 JavaThread "Worker-0"                          [_thread_blocked, id=13868, stack(0x0000002984900000,0x0000002984a00000) (1024K)]
  0x0000020801d55160 JavaThread "Java indexing"              daemon [_thread_blocked, id=12612, stack(0x0000002984d00000,0x0000002984e00000) (1024K)]
  0x0000020801d557f0 JavaThread "JNA Cleaner"                daemon [_thread_blocked, id=11752, stack(0x0000002984f00000,0x0000002985000000) (1024K)]
  0x0000020801d54ad0 JavaThread "Worker-4"                          [_thread_blocked, id=13356, stack(0x0000002985200000,0x0000002985300000) (1024K)]
  0x0000020801d53db0 JavaThread "Thread-1"                   daemon [_thread_in_native, id=6412, stack(0x0000002985400000,0x0000002985500000) (1024K)]
  0x0000020801d54440 JavaThread "Thread-2"                   daemon [_thread_in_native, id=7696, stack(0x0000002985500000,0x0000002985600000) (1024K)]
  0x00000208027ae6e0 JavaThread "Thread-3"                   daemon [_thread_in_native, id=5728, stack(0x0000002985600000,0x0000002985700000) (1024K)]
  0x00000208027af400 JavaThread "Thread-4"                   daemon [_thread_in_native, id=5912, stack(0x0000002985700000,0x0000002985800000) (1024K)]
  0x00000208027ac610 JavaThread "Thread-5"                   daemon [_thread_in_native, id=13332, stack(0x0000002985800000,0x0000002985900000) (1024K)]
  0x00000208027ae050 JavaThread "pool-2-thread-1"                   [_thread_blocked, id=5708, stack(0x0000002985900000,0x0000002985a00000) (1024K)]
  0x00000208027ad9c0 JavaThread "WorkspaceEventsHandler"            [_thread_blocked, id=12632, stack(0x0000002985a00000,0x0000002985b00000) (1024K)]
  0x00000208027aed70 JavaThread "pool-1-thread-1"                   [_thread_blocked, id=10468, stack(0x0000002985b00000,0x0000002985c00000) (1024K)]
Total: 30

Other Threads:
  0x000002082383dd30 VMThread "VM Thread"                           [id=11820, stack(0x0000002983400000,0x0000002983500000) (1024K)]
  0x00000208237e8bb0 WatcherThread "VM Periodic Task Thread"        [id=12928, stack(0x0000002983300000,0x0000002983400000) (1024K)]
  0x000002082379bb90 WorkerThread "GC Thread#0"                     [id=944, stack(0x0000002983200000,0x0000002983300000) (1024K)]
  0x00000208004f7030 WorkerThread "GC Thread#1"                     [id=11628, stack(0x0000002984000000,0x0000002984100000) (1024K)]
  0x00000208002c4390 WorkerThread "GC Thread#2"                     [id=12892, stack(0x0000002984100000,0x0000002984200000) (1024K)]
  0x00000208002c4740 WorkerThread "GC Thread#3"                     [id=9120, stack(0x0000002984200000,0x0000002984300000) (1024K)]
Total: 6

Threads with active compile tasks:
Total: 0

VM state: not at safepoint (normal execution)

VM Mutex/Monitor currently owned by a thread: None

Heap address: 0x0000000080000000, size: 2048 MB, Compressed Oops mode: 32-bit

CDS archive(s) mapped at: [0x000002083b000000-0x000002083bba0000-0x000002083bba0000), size 12189696, SharedBaseAddress: 0x000002083b000000, ArchiveRelocationMode: 1.
Compressed class space mapped at: 0x000002083c000000-0x000002087c000000, reserved size: 1073741824
Narrow klass base: 0x000002083b000000, Narrow klass shift: 0, Narrow klass range: 0x100000000

GC Precious Log:
 CardTable entry size: 512
 CPUs: 4 total, 4 available
 Memory: 8057M
 Large Page Support: Disabled
 NUMA Support: Disabled
 Compressed Oops: Enabled (32-bit)
 Alignments: Space 512K, Generation 512K, Heap 2M
 Heap Min Capacity: 100M
 Heap Initial Capacity: 100M
 Heap Max Capacity: 2G
 Pre-touch: Disabled
 Parallel Workers: 4

Heap:
 PSYoungGen      total 4608K, used 4482K [0x00000000d5580000, 0x00000000d6180000, 0x0000000100000000)
  eden space 2560K, 95% used [0x00000000d5580000,0x00000000d57e08e0,0x00000000d5800000)
  from space 2048K, 100% used [0x00000000d5800000,0x00000000d5a00000,0x00000000d5a00000)
  to   space 4608K, 0% used [0x00000000d5d00000,0x00000000d5d00000,0x00000000d6180000)
 ParOldGen       total 897024K, used 896546K [0x0000000080000000, 0x00000000b6c00000, 0x00000000d5580000)
  object space 897024K, 99% used [0x0000000080000000,0x00000000b6b88a38,0x00000000b6c00000)
 Metaspace       used 75826K, committed 77312K, reserved 1179648K
  class space    used 7905K, committed 8576K, reserved 1048576K

Card table byte_map: [0x0000020823120000,0x0000020823530000] _byte_map_base: 0x0000020822d20000

Marking Bits: (ParMarkBitMap*) 0x00007ff813033450
 Begin Bits: [0x0000020835c30000, 0x0000020837c30000)
 End Bits:   [0x0000020837c30000, 0x0000020839c30000)

Polling page: 0x0000020821430000

Metaspace:

Usage:
  Non-class:     66.33 MB used.
      Class:      7.72 MB used.
       Both:     74.05 MB used.

Virtual space:
  Non-class space:      128.00 MB reserved,      67.12 MB ( 52%) committed,  2 nodes.
      Class space:        1.00 GB reserved,       8.38 MB ( <1%) committed,  1 nodes.
             Both:        1.12 GB reserved,      75.50 MB (  7%) committed. 

Chunk freelists:
   Non-Class:  12.09 MB
       Class:  7.45 MB
        Both:  19.55 MB

MaxMetaspaceSize: unlimited
CompressedClassSpaceSize: 1.00 GB
Initial GC threshold: 21.00 MB
Current GC threshold: 97.31 MB
CDS: on
 - commit_granule_bytes: 65536.
 - commit_granule_words: 8192.
 - virtual_space_node_default_size: 8388608.
 - enlarge_chunks_in_place: 1.
 - use_allocation_guard: 0.


Internal statistics:

num_allocs_failed_limit: 11.
num_arena_births: 1256.
num_arena_deaths: 20.
num_vsnodes_births: 3.
num_vsnodes_deaths: 0.
num_space_committed: 1208.
num_space_uncommitted: 0.
num_chunks_returned_to_freelist: 32.
num_chunks_taken_from_freelist: 4538.
num_chunk_merges: 17.
num_chunk_splits: 2817.
num_chunks_enlarged: 1682.
num_inconsistent_stats: 0.

CodeHeap 'non-profiled nmethods': size=120000Kb used=14408Kb max_used=14408Kb free=105591Kb
 bounds [0x000002082e450000, 0x000002082f270000, 0x0000020835980000]
CodeHeap 'profiled nmethods': size=120000Kb used=37937Kb max_used=37937Kb free=82062Kb
 bounds [0x0000020826980000, 0x0000020828e90000, 0x000002082deb0000]
CodeHeap 'non-nmethods': size=5760Kb used=1479Kb max_used=1613Kb free=4280Kb
 bounds [0x000002082deb0000, 0x000002082e120000, 0x000002082e450000]
CodeCache: size=245760Kb, used=53824Kb, max_used=53958Kb, free=191933Kb
 total_blobs=16396, nmethods=15598, adapters=702, full_count=0
Compilation: enabled, stopped_count=0, restarted_count=0

Compilation events (20 events):
Event: 566.270 Thread 0x00000208236dd3c0 16525   !   3       java.util.concurrent.ScheduledThreadPoolExecutor$DelayedWorkQueue::offer (123 bytes)
Event: 566.597 Thread 0x00000208236dd3c0 nmethod 16525 0x0000020828e87510 code [0x0000020828e87820, 0x0000020828e88bc0]
Event: 576.458 Thread 0x00000208236dd3c0 16527       3       java.util.concurrent.ScheduledThreadPoolExecutor$DelayedWorkQueue::add (6 bytes)
Event: 576.458 Thread 0x00000208236dd3c0 nmethod 16527 0x0000020828e89410 code [0x0000020828e895c0, 0x0000020828e89718]
Event: 582.079 Thread 0x00000208236dd3c0 16528   !   3       java.util.concurrent.locks.AbstractQueuedSynchronizer::reacquire (64 bytes)
Event: 582.080 Thread 0x00000208236dd3c0 nmethod 16528 0x0000020828e89810 code [0x0000020828e899e0, 0x0000020828e89d50]
Event: 582.106 Thread 0x00000208236dd3c0 16529       3       java.util.concurrent.ScheduledThreadPoolExecutor$DelayedWorkQueue::add (9 bytes)
Event: 582.106 Thread 0x00000208236dd3c0 nmethod 16529 0x0000020828e89f10 code [0x0000020828e8a0e0, 0x0000020828e8a3a8]
Event: 586.463 Thread 0x00000208236dd3c0 16530       3       java.util.concurrent.ScheduledThreadPoolExecutor$ScheduledFutureTask::run (57 bytes)
Event: 586.469 Thread 0x00000208236dd3c0 nmethod 16530 0x0000020828e8a490 code [0x0000020828e8a6c0, 0x0000020828e8ac30]
Event: 882.188 Thread 0x00000208236dd3c0 16531       3       java.util.concurrent.ScheduledThreadPoolExecutor::triggerTime (22 bytes)
Event: 882.188 Thread 0x00000208236dd3c0 nmethod 16531 0x0000020828e8ae10 code [0x0000020828e8afc0, 0x0000020828e8b1a0]
Event: 886.793 Thread 0x0000020823672e90 16532       4       java.util.concurrent.locks.LockSupport::setBlocker (12 bytes)
Event: 886.795 Thread 0x0000020823672e90 nmethod 16532 0x000002082f261c90 code [0x000002082f261e00, 0x000002082f261e88]
Event: 906.829 Thread 0x00000208236dd3c0 16533       3       java.util.concurrent.locks.AbstractQueuedSynchronizer$ConditionObject::unlinkCancelledWaiters (91 bytes)
Event: 907.527 Thread 0x00000208236dd3c0 nmethod 16533 0x0000020828e8b290 code [0x0000020828e8b440, 0x0000020828e8b7d0]
Event: 1242.238 Thread 0x00000208236dd3c0 16535       3       java.util.concurrent.locks.AbstractQueuedSynchronizer$ConditionObject::enableWait (84 bytes)
Event: 1242.241 Thread 0x00000208236dd3c0 nmethod 16535 0x0000020828e8b910 code [0x0000020828e8bb20, 0x0000020828e8c158]
Event: 1242.241 Thread 0x00000208236dd3c0 16536       3       java.util.concurrent.locks.AbstractQueuedSynchronizer$Node::setStatusRelaxed (12 bytes)
Event: 1242.242 Thread 0x00000208236dd3c0 nmethod 16536 0x0000020828e8c390 code [0x0000020828e8c520, 0x0000020828e8c638]

GC Heap History (20 events):
Event: 253.335 GC heap before
{Heap before GC invocations=1825 (full 3):
 PSYoungGen      total 2048K, used 1312K [0x00000000d5580000, 0x00000000d5800000, 0x0000000100000000)
  eden space 1024K, 100% used [0x00000000d5580000,0x00000000d5680000,0x00000000d5680000)
  from space 1024K, 28% used [0x00000000d5680000,0x00000000d56c8000,0x00000000d5780000)
  to   space 512K, 0% used [0x00000000d5780000,0x00000000d5780000,0x00000000d5800000)
 ParOldGen       total 885760K, used 885713K [0x0000000080000000, 0x00000000b6100000, 0x00000000d5580000)
  object space 885760K, 99% used [0x0000000080000000,0x00000000b60f4530,0x00000000b6100000)
 Metaspace       used 75744K, committed 77248K, reserved 1179648K
  class space    used 7898K, committed 8576K, reserved 1048576K
}
Event: 253.338 GC heap after
{Heap after GC invocations=1825 (full 3):
 PSYoungGen      total 1536K, used 512K [0x00000000d5580000, 0x00000000d5880000, 0x0000000100000000)
  eden space 1024K, 0% used [0x00000000d5580000,0x00000000d5580000,0x00000000d5680000)
  from space 512K, 100% used [0x00000000d5780000,0x00000000d5800000,0x00000000d5800000)
  to   space 1024K, 0% used [0x00000000d5680000,0x00000000d5680000,0x00000000d5780000)
 ParOldGen       total 886272K, used 886100K [0x0000000080000000, 0x00000000b6180000, 0x00000000d5580000)
  object space 886272K, 99% used [0x0000000080000000,0x00000000b6155150,0x00000000b6180000)
 Metaspace       used 75744K, committed 77248K, reserved 1179648K
  class space    used 7898K, committed 8576K, reserved 1048576K
}
Event: 253.396 GC heap before
{Heap before GC invocations=1826 (full 3):
 PSYoungGen      total 1536K, used 1510K [0x00000000d5580000, 0x00000000d5880000, 0x0000000100000000)
  eden space 1024K, 97% used [0x00000000d5580000,0x00000000d5679b78,0x00000000d5680000)
  from space 512K, 100% used [0x00000000d5780000,0x00000000d5800000,0x00000000d5800000)
  to   space 1024K, 0% used [0x00000000d5680000,0x00000000d5680000,0x00000000d5780000)
 ParOldGen       total 886272K, used 886100K [0x0000000080000000, 0x00000000b6180000, 0x00000000d5580000)
  object space 886272K, 99% used [0x0000000080000000,0x00000000b6155150,0x00000000b6180000)
 Metaspace       used 75750K, committed 77248K, reserved 1179648K
  class space    used 7899K, committed 8576K, reserved 1048576K
}
Event: 253.401 GC heap after
{Heap after GC invocations=1826 (full 3):
 PSYoungGen      total 2048K, used 532K [0x00000000d5580000, 0x00000000d5880000, 0x0000000100000000)
  eden space 1024K, 0% used [0x00000000d5580000,0x00000000d5580000,0x00000000d5680000)
  from space 1024K, 51% used [0x00000000d5680000,0x00000000d5705128,0x00000000d5780000)
  to   space 1024K, 0% used [0x00000000d5780000,0x00000000d5780000,0x00000000d5880000)
 ParOldGen       total 886784K, used 886603K [0x0000000080000000, 0x00000000b6200000, 0x00000000d5580000)
  object space 886784K, 99% used [0x0000000080000000,0x00000000b61d2fa0,0x00000000b6200000)
 Metaspace       used 75750K, committed 77248K, reserved 1179648K
  class space    used 7899K, committed 8576K, reserved 1048576K
}
Event: 253.410 GC heap before
{Heap before GC invocations=1827 (full 3):
 PSYoungGen      total 2048K, used 1556K [0x00000000d5580000, 0x00000000d5880000, 0x0000000100000000)
  eden space 1024K, 100% used [0x00000000d5580000,0x00000000d5680000,0x00000000d5680000)
  from space 1024K, 51% used [0x00000000d5680000,0x00000000d5705128,0x00000000d5780000)
  to   space 1024K, 0% used [0x00000000d5780000,0x00000000d5780000,0x00000000d5880000)
 ParOldGen       total 886784K, used 886603K [0x0000000080000000, 0x00000000b6200000, 0x00000000d5580000)
  object space 886784K, 99% used [0x0000000080000000,0x00000000b61d2fa0,0x00000000b6200000)
 Metaspace       used 75750K, committed 77248K, reserved 1179648K
  class space    used 7899K, committed 8576K, reserved 1048576K
}
Event: 253.416 GC heap after
{Heap after GC invocations=1827 (full 3):
 PSYoungGen      total 2048K, used 940K [0x00000000d5580000, 0x00000000d5880000, 0x0000000100000000)
  eden space 1024K, 0% used [0x00000000d5580000,0x00000000d5580000,0x00000000d5680000)
  from space 1024K, 91% used [0x00000000d5780000,0x00000000d586b090,0x00000000d5880000)
  to   space 1024K, 0% used [0x00000000d5680000,0x00000000d5680000,0x00000000d5780000)
 ParOldGen       total 887296K, used 887103K [0x0000000080000000, 0x00000000b6280000, 0x00000000d5580000)
  object space 887296K, 99% used [0x0000000080000000,0x00000000b624ff98,0x00000000b6280000)
 Metaspace       used 75750K, committed 77248K, reserved 1179648K
  class space    used 7899K, committed 8576K, reserved 1048576K
}
Event: 253.431 GC heap before
{Heap before GC invocations=1828 (full 3):
 PSYoungGen      total 2048K, used 1964K [0x00000000d5580000, 0x00000000d5880000, 0x0000000100000000)
  eden space 1024K, 99% used [0x00000000d5580000,0x00000000d567ffe0,0x00000000d5680000)
  from space 1024K, 91% used [0x00000000d5780000,0x00000000d586b090,0x00000000d5880000)
  to   space 1024K, 0% used [0x00000000d5680000,0x00000000d5680000,0x00000000d5780000)
 ParOldGen       total 887296K, used 887103K [0x0000000080000000, 0x00000000b6280000, 0x00000000d5580000)
  object space 887296K, 99% used [0x0000000080000000,0x00000000b624ff98,0x00000000b6280000)
 Metaspace       used 75751K, committed 77248K, reserved 1179648K
  class space    used 7900K, committed 8576K, reserved 1048576K
}
Event: 253.438 GC heap after
{Heap after GC invocations=1828 (full 3):
 PSYoungGen      total 2048K, used 928K [0x00000000d5580000, 0x00000000d5900000, 0x0000000100000000)
  eden space 1024K, 0% used [0x00000000d5580000,0x00000000d5580000,0x00000000d5680000)
  from space 1024K, 90% used [0x00000000d5680000,0x00000000d5768000,0x00000000d5780000)
  to   space 1024K, 0% used [0x00000000d5800000,0x00000000d5800000,0x00000000d5900000)
 ParOldGen       total 888320K, used 887994K [0x0000000080000000, 0x00000000b6380000, 0x00000000d5580000)
  object space 888320K, 99% used [0x0000000080000000,0x00000000b632e968,0x00000000b6380000)
 Metaspace       used 75751K, committed 77248K, reserved 1179648K
  class space    used 7900K, committed 8576K, reserved 1048576K
}
Event: 253.450 GC heap before
{Heap before GC invocations=1829 (full 3):
 PSYoungGen      total 2048K, used 1952K [0x00000000d5580000, 0x00000000d5900000, 0x0000000100000000)
  eden space 1024K, 100% used [0x00000000d5580000,0x00000000d5680000,0x00000000d5680000)
  from space 1024K, 90% used [0x00000000d5680000,0x00000000d5768000,0x00000000d5780000)
  to   space 1024K, 0% used [0x00000000d5800000,0x00000000d5800000,0x00000000d5900000)
 ParOldGen       total 888320K, used 887994K [0x0000000080000000, 0x00000000b6380000, 0x00000000d5580000)
  object space 888320K, 99% used [0x0000000080000000,0x00000000b632e968,0x00000000b6380000)
 Metaspace       used 75752K, committed 77248K, reserved 1179648K
  class space    used 7900K, committed 8576K, reserved 1048576K
}
Event: 253.458 GC heap after
{Heap after GC invocations=1829 (full 3):
 PSYoungGen      total 2560K, used 960K [0x00000000d5580000, 0x00000000d5900000, 0x0000000100000000)
  eden space 1536K, 0% used [0x00000000d5580000,0x00000000d5580000,0x00000000d5700000)
  from space 1024K, 93% used [0x00000000d5800000,0x00000000d58f0000,0x00000000d5900000)
  to   space 1024K, 0% used [0x00000000d5700000,0x00000000d5700000,0x00000000d5800000)
 ParOldGen       total 889344K, used 888880K [0x0000000080000000, 0x00000000b6480000, 0x00000000d5580000)
  object space 889344K, 99% used [0x0000000080000000,0x00000000b640c038,0x00000000b6480000)
 Metaspace       used 75752K, committed 77248K, reserved 1179648K
  class space    used 7900K, committed 8576K, reserved 1048576K
}
Event: 253.472 GC heap before
{Heap before GC invocations=1830 (full 3):
 PSYoungGen      total 2560K, used 2481K [0x00000000d5580000, 0x00000000d5900000, 0x0000000100000000)
  eden space 1536K, 99% used [0x00000000d5580000,0x00000000d56fc740,0x00000000d5700000)
  from space 1024K, 93% used [0x00000000d5800000,0x00000000d58f0000,0x00000000d5900000)
  to   space 1024K, 0% used [0x00000000d5700000,0x00000000d5700000,0x00000000d5800000)
 ParOldGen       total 889344K, used 888880K [0x0000000080000000, 0x00000000b6480000, 0x00000000d5580000)
  object space 889344K, 99% used [0x0000000080000000,0x00000000b640c038,0x00000000b6480000)
 Metaspace       used 75752K, committed 77248K, reserved 1179648K
  class space    used 7900K, committed 8576K, reserved 1048576K
}
Event: 253.480 GC heap after
{Heap after GC invocations=1830 (full 3):
 PSYoungGen      total 2560K, used 1005K [0x00000000d5580000, 0x00000000d5c80000, 0x0000000100000000)
  eden space 1536K, 0% used [0x00000000d5580000,0x00000000d5580000,0x00000000d5700000)
  from space 1024K, 98% used [0x00000000d5700000,0x00000000d57fb698,0x00000000d5800000)
  to   space 2560K, 0% used [0x00000000d5a00000,0x00000000d5a00000,0x00000000d5c80000)
 ParOldGen       total 890368K, used 890184K [0x0000000080000000, 0x00000000b6580000, 0x00000000d5580000)
  object space 890368K, 99% used [0x0000000080000000,0x00000000b6552038,0x00000000b6580000)
 Metaspace       used 75752K, committed 77248K, reserved 1179648K
  class space    used 7900K, committed 8576K, reserved 1048576K
}
Event: 253.492 GC heap before
{Heap before GC invocations=1831 (full 3):
 PSYoungGen      total 2560K, used 2541K [0x00000000d5580000, 0x00000000d5c80000, 0x0000000100000000)
  eden space 1536K, 99% used [0x00000000d5580000,0x00000000d56fffb8,0x00000000d5700000)
  from space 1024K, 98% used [0x00000000d5700000,0x00000000d57fb698,0x00000000d5800000)
  to   space 2560K, 0% used [0x00000000d5a00000,0x00000000d5a00000,0x00000000d5c80000)
 ParOldGen       total 890368K, used 890184K [0x0000000080000000, 0x00000000b6580000, 0x00000000d5580000)
  object space 890368K, 99% used [0x0000000080000000,0x00000000b6552038,0x00000000b6580000)
 Metaspace       used 75752K, committed 77248K, reserved 1179648K
  class space    used 7900K, committed 8576K, reserved 1048576K
}
Event: 253.497 GC heap after
{Heap after GC invocations=1831 (full 3):
 PSYoungGen      total 3584K, used 1488K [0x00000000d5580000, 0x00000000d5b80000, 0x0000000100000000)
  eden space 2048K, 0% used [0x00000000d5580000,0x00000000d5580000,0x00000000d5780000)
  from space 1536K, 96% used [0x00000000d5a00000,0x00000000d5b743d8,0x00000000d5b80000)
  to   space 2048K, 0% used [0x00000000d5780000,0x00000000d5780000,0x00000000d5980000)
 ParOldGen       total 891392K, used 891215K [0x0000000080000000, 0x00000000b6680000, 0x00000000d5580000)
  object space 891392K, 99% used [0x0000000080000000,0x00000000b6653e00,0x00000000b6680000)
 Metaspace       used 75752K, committed 77248K, reserved 1179648K
  class space    used 7900K, committed 8576K, reserved 1048576K
}
Event: 253.542 GC heap before
{Heap before GC invocations=1832 (full 3):
 PSYoungGen      total 3584K, used 3536K [0x00000000d5580000, 0x00000000d5b80000, 0x0000000100000000)
  eden space 2048K, 100% used [0x00000000d5580000,0x00000000d5780000,0x00000000d5780000)
  from space 1536K, 96% used [0x00000000d5a00000,0x00000000d5b743d8,0x00000000d5b80000)
  to   space 2048K, 0% used [0x00000000d5780000,0x00000000d5780000,0x00000000d5980000)
 ParOldGen       total 891392K, used 891215K [0x0000000080000000, 0x00000000b6680000, 0x00000000d5580000)
  object space 891392K, 99% used [0x0000000080000000,0x00000000b6653e00,0x00000000b6680000)
 Metaspace       used 75771K, committed 77248K, reserved 1179648K
  class space    used 7901K, committed 8576K, reserved 1048576K
}
Event: 253.548 GC heap after
{Heap after GC invocations=1832 (full 3):
 PSYoungGen      total 4096K, used 1908K [0x00000000d5580000, 0x00000000d5c00000, 0x0000000100000000)
  eden space 2048K, 0% used [0x00000000d5580000,0x00000000d5580000,0x00000000d5780000)
  from space 2048K, 93% used [0x00000000d5780000,0x00000000d595d0f0,0x00000000d5980000)
  to   space 2048K, 0% used [0x00000000d5a00000,0x00000000d5a00000,0x00000000d5c00000)
 ParOldGen       total 892928K, used 892656K [0x0000000080000000, 0x00000000b6800000, 0x00000000d5580000)
  object space 892928K, 99% used [0x0000000080000000,0x00000000b67bc1d8,0x00000000b6800000)
 Metaspace       used 75771K, committed 77248K, reserved 1179648K
  class space    used 7901K, committed 8576K, reserved 1048576K
}
Event: 253.565 GC heap before
{Heap before GC invocations=1833 (full 3):
 PSYoungGen      total 4096K, used 3956K [0x00000000d5580000, 0x00000000d5c00000, 0x0000000100000000)
  eden space 2048K, 100% used [0x00000000d5580000,0x00000000d5780000,0x00000000d5780000)
  from space 2048K, 93% used [0x00000000d5780000,0x00000000d595d0f0,0x00000000d5980000)
  to   space 2048K, 0% used [0x00000000d5a00000,0x00000000d5a00000,0x00000000d5c00000)
 ParOldGen       total 892928K, used 892656K [0x0000000080000000, 0x00000000b6800000, 0x00000000d5580000)
  object space 892928K, 99% used [0x0000000080000000,0x00000000b67bc1d8,0x00000000b6800000)
 Metaspace       used 75785K, committed 77312K, reserved 1179648K
  class space    used 7902K, committed 8576K, reserved 1048576K
}
Event: 253.573 GC heap after
{Heap after GC invocations=1833 (full 3):
 PSYoungGen      total 4608K, used 1835K [0x00000000d5580000, 0x00000000d5c00000, 0x0000000100000000)
  eden space 2560K, 0% used [0x00000000d5580000,0x00000000d5580000,0x00000000d5800000)
  from space 2048K, 89% used [0x00000000d5a00000,0x00000000d5bcaed0,0x00000000d5c00000)
  to   space 2048K, 0% used [0x00000000d5800000,0x00000000d5800000,0x00000000d5a00000)
 ParOldGen       total 894464K, used 894456K [0x0000000080000000, 0x00000000b6980000, 0x00000000d5580000)
  object space 894464K, 99% used [0x0000000080000000,0x00000000b697e320,0x00000000b6980000)
 Metaspace       used 75785K, committed 77312K, reserved 1179648K
  class space    used 7902K, committed 8576K, reserved 1048576K
}
Event: 253.608 GC heap before
{Heap before GC invocations=1834 (full 3):
 PSYoungGen      total 4608K, used 4395K [0x00000000d5580000, 0x00000000d5c00000, 0x0000000100000000)
  eden space 2560K, 100% used [0x00000000d5580000,0x00000000d5800000,0x00000000d5800000)
  from space 2048K, 89% used [0x00000000d5a00000,0x00000000d5bcaed0,0x00000000d5c00000)
  to   space 2048K, 0% used [0x00000000d5800000,0x00000000d5800000,0x00000000d5a00000)
 ParOldGen       total 894464K, used 894456K [0x0000000080000000, 0x00000000b6980000, 0x00000000d5580000)
  object space 894464K, 99% used [0x0000000080000000,0x00000000b697e320,0x00000000b6980000)
 Metaspace       used 75787K, committed 77312K, reserved 1179648K
  class space    used 7902K, committed 8576K, reserved 1048576K
}
Event: 253.615 GC heap after
{Heap after GC invocations=1834 (full 3):
 PSYoungGen      total 4608K, used 2048K [0x00000000d5580000, 0x00000000d6180000, 0x0000000100000000)
  eden space 2560K, 0% used [0x00000000d5580000,0x00000000d5580000,0x00000000d5800000)
  from space 2048K, 100% used [0x00000000d5800000,0x00000000d5a00000,0x00000000d5a00000)
  to   space 4608K, 0% used [0x00000000d5d00000,0x00000000d5d00000,0x00000000d6180000)
 ParOldGen       total 897024K, used 896546K [0x0000000080000000, 0x00000000b6c00000, 0x00000000d5580000)
  object space 897024K, 99% used [0x0000000080000000,0x00000000b6b88a38,0x00000000b6c00000)
 Metaspace       used 75787K, committed 77312K, reserved 1179648K
  class space    used 7902K, committed 8576K, reserved 1048576K
}

Dll operation events (14 events):
Event: 1.542 Loaded shared library c:\Users\moham\.vscode\extensions\redhat.java-1.54.0-win32-x64\jre\21.0.10-win32-x86_64\bin\java.dll
Event: 3.460 Loaded shared library c:\Users\moham\.vscode\extensions\redhat.java-1.54.0-win32-x64\jre\21.0.10-win32-x86_64\bin\zip.dll
Event: 3.610 Loaded shared library C:\Users\moham\.vscode\extensions\redhat.java-1.54.0-win32-x64\jre\21.0.10-win32-x86_64\bin\instrument.dll
Event: 5.141 Loaded shared library C:\Users\moham\.vscode\extensions\redhat.java-1.54.0-win32-x64\jre\21.0.10-win32-x86_64\bin\net.dll
Event: 5.658 Loaded shared library C:\Users\moham\.vscode\extensions\redhat.java-1.54.0-win32-x64\jre\21.0.10-win32-x86_64\bin\nio.dll
Event: 5.666 Loaded shared library C:\Users\moham\.vscode\extensions\redhat.java-1.54.0-win32-x64\jre\21.0.10-win32-x86_64\bin\zip.dll
Event: 5.712 Loaded shared library C:\Users\moham\.vscode\extensions\redhat.java-1.54.0-win32-x64\jre\21.0.10-win32-x86_64\bin\jimage.dll
Event: 6.197 Loaded shared library c:\Users\moham\.vscode\extensions\redhat.java-1.54.0-win32-x64\jre\21.0.10-win32-x86_64\bin\verify.dll
Event: 30.276 Loaded shared library C:\Users\moham\AppData\Roaming\Code\User\globalStorage\redhat.java\1.54.0\config_win\org.eclipse.equinox.launcher\org.eclipse.equinox.launcher.win32.win32.x86_64_1.3.0.v20260203-2149\eclipse_11919.dll
Event: 49.042 Loaded shared library C:\Users\moham\.vscode\extensions\redhat.java-1.54.0-win32-x64\jre\21.0.10-win32-x86_64\bin\management.dll
Event: 49.047 Loaded shared library C:\Users\moham\.vscode\extensions\redhat.java-1.54.0-win32-x64\jre\21.0.10-win32-x86_64\bin\management_ext.dll
Event: 53.863 Loaded shared library C:\Users\moham\AppData\Local\Temp\jna-104073650\jna12094091634262533557.dll
Event: 54.374 Loaded shared library C:\Users\moham\.vscode\extensions\redhat.java-1.54.0-win32-x64\jre\21.0.10-win32-x86_64\bin\sunmscapi.dll
Event: 55.894 Loaded shared library C:\Users\moham\.vscode\extensions\redhat.java-1.54.0-win32-x64\jre\21.0.10-win32-x86_64\bin\extnet.dll

Deoptimization events (20 events):
Event: 253.576 Thread 0x0000020801d57230 Uncommon trap: trap_request=0xffffff45 fr.pc=0x000002082f1dd360 relative=0x00000000000005c0
Event: 253.576 Thread 0x0000020801d57230 Uncommon trap: reason=unstable_if action=reinterpret pc=0x000002082f1dd360 method=org.eclipse.core.runtime.SubMonitor.newChild(II)Lorg/eclipse/core/runtime/SubMonitor; @ 102 c2
Event: 253.576 Thread 0x0000020801d57230 DEOPT PACKING pc=0x000002082f1dd360 sp=0x0000002984efefa0
Event: 253.576 Thread 0x0000020801d57230 DEOPT UNPACKING pc=0x000002082df03aa2 sp=0x0000002984efeea0 mode 2
Event: 253.576 Thread 0x0000020801d57230 Uncommon trap: trap_request=0xffffff45 fr.pc=0x000002082f1db780 relative=0x00000000000004a0
Event: 253.576 Thread 0x0000020801d57230 Uncommon trap: reason=unstable_if action=reinterpret pc=0x000002082f1db780 method=org.eclipse.core.runtime.SubMonitor.newChild(II)Lorg/eclipse/core/runtime/SubMonitor; @ 102 c2
Event: 253.576 Thread 0x0000020801d57230 DEOPT PACKING pc=0x000002082f1db780 sp=0x0000002984efef00
Event: 253.576 Thread 0x0000020801d57230 DEOPT UNPACKING pc=0x000002082df03aa2 sp=0x0000002984efee90 mode 2
Event: 253.581 Thread 0x00000208027aabd0 DEOPT PACKING pc=0x0000020828e640d6 sp=0x0000002985dfe790
Event: 253.581 Thread 0x00000208027aabd0 DEOPT UNPACKING pc=0x000002082df04242 sp=0x0000002985dfdd08 mode 0
Event: 253.597 Thread 0x00000208027ab260 DEOPT PACKING pc=0x0000020828e640d6 sp=0x00000029853febd0
Event: 253.597 Thread 0x00000208027ab260 DEOPT UNPACKING pc=0x000002082df04242 sp=0x00000029853fe148 mode 0
Event: 253.608 Thread 0x00000208027aabd0 DEOPT PACKING pc=0x0000020828e640d6 sp=0x0000002985dfe790
Event: 253.608 Thread 0x00000208027aabd0 DEOPT UNPACKING pc=0x000002082df04242 sp=0x0000002985dfdd08 mode 0
Event: 253.626 Thread 0x00000208027ab260 DEOPT PACKING pc=0x0000020828e640d6 sp=0x00000029853febd0
Event: 253.626 Thread 0x00000208027ab260 DEOPT UNPACKING pc=0x000002082df04242 sp=0x00000029853fe148 mode 0
Event: 457.901 Thread 0x0000020801d54ad0 Uncommon trap: trap_request=0xffffff45 fr.pc=0x000002082ed785f0 relative=0x0000000000000970
Event: 457.902 Thread 0x0000020801d54ad0 Uncommon trap: reason=unstable_if action=reinterpret pc=0x000002082ed785f0 method=java.io.ObjectOutputStream$ReplaceTable.lookup(Ljava/lang/Object;)Ljava/lang/Object; @ 10 c2
Event: 457.902 Thread 0x0000020801d54ad0 DEOPT PACKING pc=0x000002082ed785f0 sp=0x00000029852fe310
Event: 457.902 Thread 0x0000020801d54ad0 DEOPT UNPACKING pc=0x000002082df03aa2 sp=0x00000029852fe260 mode 2

Classes loaded (20 events):
Event: 160.691 Loading class java/nio/file/Files$2
Event: 160.691 Loading class java/nio/file/Files$2 done
Event: 161.723 Loading class java/util/concurrent/ArrayBlockingQueue
Event: 161.724 Loading class java/util/concurrent/ArrayBlockingQueue done
Event: 161.871 Loading class java/util/Hashtable$ValueCollection
Event: 161.872 Loading class java/util/Hashtable$ValueCollection done
Event: 161.925 Loading class java/util/concurrent/ConcurrentHashMap$KeySpliterator
Event: 161.926 Loading class java/util/concurrent/ConcurrentHashMap$KeySpliterator done
Event: 165.766 Loading class java/nio/file/attribute/PosixFileAttributes
Event: 165.767 Loading class java/nio/file/attribute/PosixFileAttributes done
Event: 171.493 Loading class org/xml/sax/SAXNotRecognizedException
Event: 171.493 Loading class org/xml/sax/SAXNotRecognizedException done
Event: 171.493 Loading class org/xml/sax/SAXNotSupportedException
Event: 171.493 Loading class org/xml/sax/SAXNotSupportedException done
Event: 171.495 Loading class com/sun/org/apache/xerces/internal/util/URI
Event: 171.496 Loading class com/sun/org/apache/xerces/internal/util/URI done
Event: 171.501 Loading class com/sun/org/apache/xerces/internal/xni/XNIException
Event: 171.503 Loading class com/sun/org/apache/xerces/internal/xni/XNIException done
Event: 171.509 Loading class com/sun/org/apache/xerces/internal/xni/parser/XMLParseException
Event: 171.511 Loading class com/sun/org/apache/xerces/internal/xni/parser/XMLParseException done

Classes unloaded (10 events):
Event: 50.844 Thread 0x000002082383dd30 Unloading class 0x000002083c1b4000 'java/lang/invoke/LambdaForm$MH+0x000002083c1b4000'
Event: 50.844 Thread 0x000002082383dd30 Unloading class 0x000002083c1b3c00 'java/lang/invoke/LambdaForm$MH+0x000002083c1b3c00'
Event: 50.844 Thread 0x000002082383dd30 Unloading class 0x000002083c1b3800 'java/lang/invoke/LambdaForm$MH+0x000002083c1b3800'
Event: 50.844 Thread 0x000002082383dd30 Unloading class 0x000002083c1b3400 'java/lang/invoke/LambdaForm$MH+0x000002083c1b3400'
Event: 50.844 Thread 0x000002082383dd30 Unloading class 0x000002083c1b3000 'java/lang/invoke/LambdaForm$BMH+0x000002083c1b3000'
Event: 50.844 Thread 0x000002082383dd30 Unloading class 0x000002083c1b2c00 'java/lang/invoke/LambdaForm$DMH+0x000002083c1b2c00'
Event: 50.844 Thread 0x000002082383dd30 Unloading class 0x000002083c1b1800 'java/lang/invoke/LambdaForm$DMH+0x000002083c1b1800'
Event: 101.749 Thread 0x000002082383dd30 Unloading class 0x000002083c679000 'java/lang/invoke/LambdaForm$DMH+0x000002083c679000'
Event: 101.749 Thread 0x000002082383dd30 Unloading class 0x000002083c678c00 'java/lang/invoke/LambdaForm$DMH+0x000002083c678c00'
Event: 101.749 Thread 0x000002082383dd30 Unloading class 0x000002083c678800 'java/lang/invoke/LambdaForm$DMH+0x000002083c678800'

Classes redefined (0 events):
No events

Internal exceptions (20 events):
Event: 229.648 Thread 0x0000020801d55160 Exception <a 'sun/nio/fs/WindowsException'{0x00000000d57939f8}> (0x00000000d57939f8) 
thrown [s\src\hotspot\share\prims\jni.cpp, line 520]
Event: 229.788 Thread 0x0000020801d55160 Exception <a 'sun/nio/fs/WindowsException'{0x00000000d5612348}> (0x00000000d5612348) 
thrown [s\src\hotspot\share\prims\jni.cpp, line 520]
Event: 229.932 Thread 0x0000020801d55160 Exception <a 'sun/nio/fs/WindowsException'{0x00000000d56ed940}> (0x00000000d56ed940) 
thrown [s\src\hotspot\share\prims\jni.cpp, line 520]
Event: 230.603 Thread 0x0000020801d55160 Exception <a 'sun/nio/fs/WindowsException'{0x00000000d56df0e0}> (0x00000000d56df0e0) 
thrown [s\src\hotspot\share\prims\jni.cpp, line 520]
Event: 230.644 Thread 0x0000020801d55160 Exception <a 'sun/nio/fs/WindowsException'{0x00000000d561d800}> (0x00000000d561d800) 
thrown [s\src\hotspot\share\prims\jni.cpp, line 520]
Event: 230.744 Thread 0x0000020801d55160 Exception <a 'sun/nio/fs/WindowsException'{0x00000000d558b008}> (0x00000000d558b008) 
thrown [s\src\hotspot\share\prims\jni.cpp, line 520]
Event: 230.892 Thread 0x0000020801d55160 Exception <a 'sun/nio/fs/WindowsException'{0x00000000d567cf30}> (0x00000000d567cf30) 
thrown [s\src\hotspot\share\prims\jni.cpp, line 520]
Event: 230.987 Thread 0x0000020801d55160 Exception <a 'sun/nio/fs/WindowsException'{0x00000000d56b90b0}> (0x00000000d56b90b0) 
thrown [s\src\hotspot\share\prims\jni.cpp, line 520]
Event: 231.059 Thread 0x0000020801d55160 Exception <a 'sun/nio/fs/WindowsException'{0x00000000d56d9d58}> (0x00000000d56d9d58) 
thrown [s\src\hotspot\share\prims\jni.cpp, line 520]
Event: 231.130 Thread 0x0000020801d55160 Exception <a 'sun/nio/fs/WindowsException'{0x00000000d564e390}> (0x00000000d564e390) 
thrown [s\src\hotspot\share\prims\jni.cpp, line 520]
Event: 231.241 Thread 0x0000020801d55160 Exception <a 'sun/nio/fs/WindowsException'{0x00000000d55daf10}> (0x00000000d55daf10) 
thrown [s\src\hotspot\share\prims\jni.cpp, line 520]
Event: 231.884 Thread 0x0000020801d55160 Exception <a 'sun/nio/fs/WindowsException'{0x00000000d572a1d8}> (0x00000000d572a1d8) 
thrown [s\src\hotspot\share\prims\jni.cpp, line 520]
Event: 232.185 Thread 0x0000020801d55160 Exception <a 'sun/nio/fs/WindowsException'{0x00000000d566fcf0}> (0x00000000d566fcf0) 
thrown [s\src\hotspot\share\prims\jni.cpp, line 520]
Event: 232.344 Thread 0x0000020801d55160 Exception <a 'sun/nio/fs/WindowsException'{0x00000000d5771ac8}> (0x00000000d5771ac8) 
thrown [s\src\hotspot\share\prims\jni.cpp, line 520]
Event: 232.609 Thread 0x0000020801d55160 Exception <a 'sun/nio/fs/WindowsException'{0x00000000d57172d0}> (0x00000000d57172d0) 
thrown [s\src\hotspot\share\prims\jni.cpp, line 520]
Event: 232.710 Thread 0x0000020801d55160 Exception <a 'sun/nio/fs/WindowsException'{0x00000000d5654180}> (0x00000000d5654180) 
thrown [s\src\hotspot\share\prims\jni.cpp, line 520]
Event: 232.767 Thread 0x0000020801d55160 Exception <a 'sun/nio/fs/WindowsException'{0x00000000d56c44c0}> (0x00000000d56c44c0) 
thrown [s\src\hotspot\share\prims\jni.cpp, line 520]
Event: 233.913 Thread 0x0000020801d55160 Exception <a 'sun/nio/fs/WindowsException'{0x00000000d567b3c8}> (0x00000000d567b3c8) 
thrown [s\src\hotspot\share\prims\jni.cpp, line 520]
Event: 457.831 Thread 0x0000020801d54ad0 Exception <a 'sun/nio/fs/WindowsException'{0x00000000d576bef8}> (0x00000000d576bef8) 
thrown [s\src\hotspot\share\prims\jni.cpp, line 520]
Event: 457.834 Thread 0x0000020801d54ad0 Exception <a 'sun/nio/fs/WindowsException'{0x00000000d576cc28}> (0x00000000d576cc28) 
thrown [s\src\hotspot\share\prims\jni.cpp, line 520]

ZGC Phase Switch (0 events):
No events

VM Operations (20 events):
Event: 963.765 Executing non-safepoint VM operation: RendezvousGCThreads
Event: 963.765 Executing non-safepoint VM operation: RendezvousGCThreads done
Event: 1024.216 Executing non-safepoint VM operation: HandshakeAllThreads (HandshakeForDeflation)
Event: 1024.216 Executing non-safepoint VM operation: HandshakeAllThreads (HandshakeForDeflation) done
Event: 1024.217 Executing non-safepoint VM operation: RendezvousGCThreads
Event: 1024.217 Executing non-safepoint VM operation: RendezvousGCThreads done
Event: 1144.310 Executing non-safepoint VM operation: HandshakeAllThreads (HandshakeForDeflation)
Event: 1144.310 Executing non-safepoint VM operation: HandshakeAllThreads (HandshakeForDeflation) done
Event: 1144.310 Executing non-safepoint VM operation: RendezvousGCThreads
Event: 1144.310 Executing non-safepoint VM operation: RendezvousGCThreads done
Event: 1204.339 Executing non-safepoint VM operation: HandshakeAllThreads (HandshakeForDeflation)
Event: 1204.339 Executing non-safepoint VM operation: HandshakeAllThreads (HandshakeForDeflation) done
Event: 1204.340 Executing non-safepoint VM operation: RendezvousGCThreads
Event: 1204.340 Executing non-safepoint VM operation: RendezvousGCThreads done
Event: 1250.559 Executing safepoint VM operation: Cleanup
Event: 1250.560 Executing safepoint VM operation: Cleanup done
Event: 1264.530 Executing non-safepoint VM operation: HandshakeAllThreads (HandshakeForDeflation)
Event: 1264.530 Executing non-safepoint VM operation: HandshakeAllThreads (HandshakeForDeflation) done
Event: 1264.530 Executing non-safepoint VM operation: RendezvousGCThreads
Event: 1264.530 Executing non-safepoint VM operation: RendezvousGCThreads done

Memory protections (0 events):
No events

Nmethod flushes (20 events):
Event: 101.792 Thread 0x000002082383dd30 flushing  nmethod 0x000002082740fd10
Event: 101.792 Thread 0x000002082383dd30 flushing  nmethod 0x0000020827436090
Event: 101.792 Thread 0x000002082383dd30 flushing  nmethod 0x0000020827436510
Event: 101.792 Thread 0x000002082383dd30 flushing  nmethod 0x000002082743d010
Event: 101.792 Thread 0x000002082383dd30 flushing  nmethod 0x000002082743d590
Event: 101.792 Thread 0x000002082383dd30 flushing  nmethod 0x0000020827453910
Event: 101.792 Thread 0x000002082383dd30 flushing  nmethod 0x0000020827458a90
Event: 101.792 Thread 0x000002082383dd30 flushing  nmethod 0x0000020827466710
Event: 101.792 Thread 0x000002082383dd30 flushing  nmethod 0x000002082747c710
Event: 101.792 Thread 0x000002082383dd30 flushing  nmethod 0x0000020827484510
Event: 101.792 Thread 0x000002082383dd30 flushing  nmethod 0x0000020827484910
Event: 101.792 Thread 0x000002082383dd30 flushing  nmethod 0x0000020827485b10
Event: 101.792 Thread 0x000002082383dd30 flushing  nmethod 0x0000020827486110
Event: 101.792 Thread 0x000002082383dd30 flushing  nmethod 0x0000020827487f10
Event: 101.792 Thread 0x000002082383dd30 flushing  nmethod 0x000002082748b490
Event: 101.792 Thread 0x000002082383dd30 flushing  nmethod 0x000002082748ed90
Event: 101.792 Thread 0x000002082383dd30 flushing  nmethod 0x0000020827493610
Event: 101.792 Thread 0x000002082383dd30 flushing  nmethod 0x00000208274b5a90
Event: 101.792 Thread 0x000002082383dd30 flushing  nmethod 0x00000208274b9290
Event: 101.792 Thread 0x000002082383dd30 flushing  nmethod 0x00000208274dc090

Events (20 events):
Event: 196.818 Thread 0x00000208236dd3c0 Thread added: 0x0000020804774920
Event: 197.549 Thread 0x0000020804774920 Thread exited: 0x0000020804774920
Event: 224.315 Thread 0x00000208027a9820 Thread exited: 0x00000208027a9820
Event: 225.357 Thread 0x00000208027ab8f0 Thread exited: 0x00000208027ab8f0
Event: 253.395 Thread 0x00000208027aabd0 Thread added: 0x0000020805898320
Event: 292.795 Thread 0x0000020801d56ba0 Thread exited: 0x0000020801d56ba0
Event: 292.795 Thread 0x00000208027abf80 Thread exited: 0x00000208027abf80
Event: 293.935 Thread 0x0000020800e48260 Thread exited: 0x0000020800e48260
Event: 313.630 Thread 0x00000208027aabd0 Thread exited: 0x00000208027aabd0
Event: 313.647 Thread 0x0000020801d57230 Thread exited: 0x0000020801d57230
Event: 373.669 Thread 0x00000208027ab260 Thread exited: 0x00000208027ab260
Event: 433.643 Thread 0x0000020805898320 Thread exited: 0x0000020805898320
Event: 457.736 Thread 0x0000020801d54ad0 Thread added: 0x00000208058989b0
Event: 457.750 Thread 0x00000208058989b0 Thread exited: 0x00000208058989b0
Event: 457.844 Thread 0x0000020801d54ad0 Thread added: 0x0000020805895530
Event: 457.846 Thread 0x0000020805895530 Thread exited: 0x0000020805895530
Event: 463.404 Thread 0x00000208027afa90 Thread exited: 0x00000208027afa90
Event: 463.411 Thread 0x00000208027a8b00 Thread exited: 0x00000208027a8b00
Event: 464.277 Thread 0x0000020801d55e80 Thread exited: 0x0000020801d55e80
Event: 464.296 Thread 0x0000020801d56510 Thread exited: 0x0000020801d56510


Dynamic libraries:
0x00007ff78d370000 - 0x00007ff78d37e000 	c:\Users\moham\.vscode\extensions\redhat.java-1.54.0-win32-x64\jre\21.0.10-win32-x86_64\bin\java.exe
0x00007ff889c50000 - 0x00007ff889e49000 	C:\WINDOWS\SYSTEM32\ntdll.dll
0x00007ff888c30000 - 0x00007ff888cf2000 	C:\WINDOWS\System32\KERNEL32.DLL
0x00007ff887730000 - 0x00007ff887a27000 	C:\WINDOWS\System32\KERNELBASE.dll
0x00007ff8874c0000 - 0x00007ff8875c0000 	C:\WINDOWS\System32\ucrtbase.dll
0x00007ff87b950000 - 0x00007ff87b968000 	c:\Users\moham\.vscode\extensions\redhat.java-1.54.0-win32-x64\jre\21.0.10-win32-x86_64\bin\jli.dll
0x00007ff887fd0000 - 0x00007ff88816d000 	C:\WINDOWS\System32\USER32.dll
0x00007ff887bd0000 - 0x00007ff887bf2000 	C:\WINDOWS\System32\win32u.dll
0x00007ff889be0000 - 0x00007ff889c0b000 	C:\WINDOWS\System32\GDI32.dll
0x00007ff887ab0000 - 0x00007ff887bca000 	C:\WINDOWS\System32\gdi32full.dll
0x00007ff887420000 - 0x00007ff8874bd000 	C:\WINDOWS\System32\msvcp_win.dll
0x00007ff87b970000 - 0x00007ff87b98e000 	c:\Users\moham\.vscode\extensions\redhat.java-1.54.0-win32-x64\jre\21.0.10-win32-x86_64\bin\VCRUNTIME140.dll
0x00007ff874e50000 - 0x00007ff8750eb000 	C:\WINDOWS\WinSxS\amd64_microsoft.windows.common-controls_6595b64144ccf1df_6.0.19041.6926_none_60b5a53971f8f7e6\COMCTL32.dll
0x00007ff8896d0000 - 0x00007ff88976e000 	C:\WINDOWS\System32\msvcrt.dll
0x00007ff888d00000 - 0x00007ff888d2f000 	C:\WINDOWS\System32\IMM32.DLL
0x00007ff881100000 - 0x00007ff88110c000 	c:\Users\moham\.vscode\extensions\redhat.java-1.54.0-win32-x64\jre\21.0.10-win32-x86_64\bin\vcruntime140_1.dll
0x00007ff848af0000 - 0x00007ff848b7d000 	c:\Users\moham\.vscode\extensions\redhat.java-1.54.0-win32-x64\jre\21.0.10-win32-x86_64\bin\msvcp140.dll
0x00007ff812370000 - 0x00007ff813111000 	c:\Users\moham\.vscode\extensions\redhat.java-1.54.0-win32-x64\jre\21.0.10-win32-x86_64\bin\server\jvm.dll
0x00007ff887d70000 - 0x00007ff887e21000 	C:\WINDOWS\System32\ADVAPI32.dll
0x00007ff888470000 - 0x00007ff88850f000 	C:\WINDOWS\System32\sechost.dll
0x00007ff888b00000 - 0x00007ff888c26000 	C:\WINDOWS\System32\RPCRT4.dll
0x00007ff887650000 - 0x00007ff887677000 	C:\WINDOWS\System32\bcrypt.dll
0x00007ff888a90000 - 0x00007ff888afb000 	C:\WINDOWS\System32\WS2_32.dll
0x00007ff887110000 - 0x00007ff88715b000 	C:\WINDOWS\SYSTEM32\POWRPROF.dll
0x00007ff871140000 - 0x00007ff871167000 	C:\WINDOWS\SYSTEM32\WINMM.dll
0x00007ff87b570000 - 0x00007ff87b57a000 	C:\WINDOWS\SYSTEM32\VERSION.dll
0x00007ff8870f0000 - 0x00007ff887102000 	C:\WINDOWS\SYSTEM32\UMPDC.dll
0x00007ff885a90000 - 0x00007ff885aa2000 	C:\WINDOWS\SYSTEM32\kernel.appcore.dll
0x00007ff8801e0000 - 0x00007ff8801ea000 	c:\Users\moham\.vscode\extensions\redhat.java-1.54.0-win32-x64\jre\21.0.10-win32-x86_64\bin\jimage.dll
0x00007ff885780000 - 0x00007ff885981000 	C:\WINDOWS\SYSTEM32\DBGHELP.DLL
0x00007ff862870000 - 0x00007ff8628a4000 	C:\WINDOWS\SYSTEM32\dbgcore.DLL
0x00007ff8875c0000 - 0x00007ff887642000 	C:\WINDOWS\System32\bcryptPrimitives.dll
0x00007ff874bb0000 - 0x00007ff874bbf000 	c:\Users\moham\.vscode\extensions\redhat.java-1.54.0-win32-x64\jre\21.0.10-win32-x86_64\bin\instrument.dll
0x00007ff874840000 - 0x00007ff874860000 	c:\Users\moham\.vscode\extensions\redhat.java-1.54.0-win32-x64\jre\21.0.10-win32-x86_64\bin\java.dll
0x00007ff888d30000 - 0x00007ff8894a1000 	C:\WINDOWS\System32\SHELL32.dll
0x00007ff884f00000 - 0x00007ff8856a6000 	C:\WINDOWS\SYSTEM32\windows.storage.dll
0x00007ff889770000 - 0x00007ff889ac3000 	C:\WINDOWS\System32\combase.dll
0x00007ff886b30000 - 0x00007ff886b5b000 	C:\WINDOWS\SYSTEM32\Wldp.dll
0x00007ff8895f0000 - 0x00007ff8896c6000 	C:\WINDOWS\System32\OLEAUT32.dll
0x00007ff889b30000 - 0x00007ff889bdd000 	C:\WINDOWS\System32\SHCORE.dll
0x00007ff889ad0000 - 0x00007ff889b2b000 	C:\WINDOWS\System32\shlwapi.dll
0x00007ff8871e0000 - 0x00007ff887204000 	C:\WINDOWS\SYSTEM32\profapi.dll
0x00007ff874820000 - 0x00007ff874838000 	c:\Users\moham\.vscode\extensions\redhat.java-1.54.0-win32-x64\jre\21.0.10-win32-x86_64\bin\zip.dll
0x00007ff874ba0000 - 0x00007ff874bb0000 	C:\Users\moham\.vscode\extensions\redhat.java-1.54.0-win32-x64\jre\21.0.10-win32-x86_64\bin\net.dll
0x00007ff87e5d0000 - 0x00007ff87e6da000 	C:\WINDOWS\SYSTEM32\WINHTTP.dll
0x00007ff8868e0000 - 0x00007ff88694a000 	C:\WINDOWS\system32\mswsock.dll
0x00007ff874800000 - 0x00007ff874816000 	C:\Users\moham\.vscode\extensions\redhat.java-1.54.0-win32-x64\jre\21.0.10-win32-x86_64\bin\nio.dll
0x00007ff8746d0000 - 0x00007ff8746e0000 	c:\Users\moham\.vscode\extensions\redhat.java-1.54.0-win32-x64\jre\21.0.10-win32-x86_64\bin\verify.dll
0x00007ff848720000 - 0x00007ff848765000 	C:\Users\moham\AppData\Roaming\Code\User\globalStorage\redhat.java\1.54.0\config_win\org.eclipse.equinox.launcher\org.eclipse.equinox.launcher.win32.win32.x86_64_1.3.0.v20260203-2149\eclipse_11919.dll
0x00007ff888330000 - 0x00007ff88845b000 	C:\WINDOWS\System32\ole32.dll
0x00007ff8746c0000 - 0x00007ff8746ca000 	C:\Users\moham\.vscode\extensions\redhat.java-1.54.0-win32-x64\jre\21.0.10-win32-x86_64\bin\management.dll
0x00007ff871e40000 - 0x00007ff871e4c000 	C:\Users\moham\.vscode\extensions\redhat.java-1.54.0-win32-x64\jre\21.0.10-win32-x86_64\bin\management_ext.dll
0x00007ff888460000 - 0x00007ff888468000 	C:\WINDOWS\System32\PSAPI.DLL
0x00007ff886b70000 - 0x00007ff886b88000 	C:\WINDOWS\SYSTEM32\CRYPTSP.dll
0x00007ff886220000 - 0x00007ff886258000 	C:\WINDOWS\system32\rsaenh.dll
0x00007ff8871a0000 - 0x00007ff8871ce000 	C:\WINDOWS\SYSTEM32\USERENV.dll
0x00007ff886aa0000 - 0x00007ff886aac000 	C:\WINDOWS\SYSTEM32\CRYPTBASE.dll
0x00007ff8865e0000 - 0x00007ff88661b000 	C:\WINDOWS\SYSTEM32\IPHLPAPI.DLL
0x00007ff887fc0000 - 0x00007ff887fc8000 	C:\WINDOWS\System32\NSI.dll
0x00007ff847070000 - 0x00007ff8470b9000 	C:\Users\moham\AppData\Local\Temp\jna-104073650\jna12094091634262533557.dll
0x00007ff87f420000 - 0x00007ff87f437000 	C:\WINDOWS\SYSTEM32\dhcpcsvc6.DLL
0x00007ff87f1d0000 - 0x00007ff87f1ed000 	C:\WINDOWS\SYSTEM32\dhcpcsvc.DLL
0x00007ff867f80000 - 0x00007ff867f8e000 	C:\Users\moham\.vscode\extensions\redhat.java-1.54.0-win32-x64\jre\21.0.10-win32-x86_64\bin\sunmscapi.dll
0x00007ff8872c0000 - 0x00007ff88741d000 	C:\WINDOWS\System32\CRYPT32.dll
0x00007ff886c80000 - 0x00007ff886ca7000 	C:\WINDOWS\SYSTEM32\ncrypt.dll
0x00007ff886c40000 - 0x00007ff886c7b000 	C:\WINDOWS\SYSTEM32\NTASN1.dll
0x00007ff886620000 - 0x00007ff8866ea000 	C:\WINDOWS\SYSTEM32\DNSAPI.dll
0x00007ff875fe0000 - 0x00007ff875fea000 	C:\Windows\System32\rasadhlp.dll
0x00007ff87e3f0000 - 0x00007ff87e470000 	C:\WINDOWS\System32\fwpuclnt.dll
0x00007ff862930000 - 0x00007ff862939000 	C:\Users\moham\.vscode\extensions\redhat.java-1.54.0-win32-x64\jre\21.0.10-win32-x86_64\bin\extnet.dll
0x00007ff886470000 - 0x00007ff8864a3000 	C:\WINDOWS\SYSTEM32\ntmarta.dll

JVMTI agents:
c:\Users\moham\.vscode\extensions\redhat.java-1.54.0-win32-x64\lombok\lombok-1.18.39-4050.jar path:c:\Users\moham\.vscode\extensions\redhat.java-1.54.0-win32-x64\jre\21.0.10-win32-x86_64\bin\instrument.dll, loaded, initialized, instrumentlib options:none

dbghelp: loaded successfully - version: 4.0.5 - missing functions: none
symbol engine: initialized successfully - sym options: 0x614 - pdb path: .;c:\Users\moham\.vscode\extensions\redhat.java-1.54.0-win32-x64\jre\21.0.10-win32-x86_64\bin;C:\WINDOWS\SYSTEM32;C:\WINDOWS\WinSxS\amd64_microsoft.windows.common-controls_6595b64144ccf1df_6.0.19041.6926_none_60b5a53971f8f7e6;c:\Users\moham\.vscode\extensions\redhat.java-1.54.0-win32-x64\jre\21.0.10-win32-x86_64\bin\server;C:\Users\moham\AppData\Roaming\Code\User\globalStorage\redhat.java\1.54.0\config_win\org.eclipse.equinox.launcher\org.eclipse.equinox.launcher.win32.win32.x86_64_1.3.0.v20260203-2149;C:\Users\moham\AppData\Local\Temp\jna-104073650

VM Arguments:
jvm_args: --add-modules=ALL-SYSTEM --add-opens=java.base/java.util=ALL-UNNAMED --add-opens=java.base/java.lang=ALL-UNNAMED --add-opens=java.base/sun.nio.fs=ALL-UNNAMED -Declipse.application=org.eclipse.jdt.ls.core.id1 -Dosgi.bundles.defaultStartLevel=4 -Declipse.product=org.eclipse.jdt.ls.core.product -Djava.import.generatesMetadataFilesAtProjectRoot=false -DDetectVMInstallationsJob.disabled=true -Dfile.encoding=utf8 -XX:+UseParallelGC -XX:GCTimeRatio=4 -XX:AdaptiveSizePolicyWeight=90 -Dsun.zip.disableMemoryMapping=true -Xmx2G -Xms100m -Xlog:disable -javaagent:c:\Users\moham\.vscode\extensions\redhat.java-1.54.0-win32-x64\lombok\lombok-1.18.39-4050.jar -XX:+HeapDumpOnOutOfMemoryError -XX:HeapDumpPath=c:\Users\moham\AppData\Roaming\Code\User\workspaceStorage\34f54d7c7d1020507c0f31a64eb0328f\redhat.java -Daether.dependencyCollector.impl=bf 
java_command: c:\Users\moham\.vscode\extensions\redhat.java-1.54.0-win32-x64\server\plugins\org.eclipse.equinox.launcher_1.7.100.v20251111-0406.jar -configuration c:\Users\moham\AppData\Roaming\Code\User\globalStorage\redhat.java\1.54.0\config_win -data c:\Users\moham\AppData\Roaming\Code\User\workspaceStorage\34f54d7c7d1020507c0f31a64eb0328f\redhat.java\jdt_ws --pipe=\\.\pipe\lsp-bfbbccd5ab294fbeb359a0d355d8440e-sock
java_class_path (initial): c:\Users\moham\.vscode\extensions\redhat.java-1.54.0-win32-x64\server\plugins\org.eclipse.equinox.launcher_1.7.100.v20251111-0406.jar
Launcher Type: SUN_STANDARD

[Global flags]
    uintx AdaptiveSizePolicyWeight                 = 90                                        {product} {command line}
     intx CICompilerCount                          = 3                                         {product} {ergonomic}
    uintx GCTimeRatio                              = 4                                         {product} {command line}
     bool HeapDumpOnOutOfMemoryError               = true                                   {manageable} {command line}
    ccstr HeapDumpPath                             = c:\Users\moham\AppData\Roaming\Code\User\workspaceStorage\34f54d7c7d1020507c0f31a64eb0328f\redhat.java         {manageable} {command line}
   size_t InitialHeapSize                          = 104857600                                 {product} {command line}
   size_t MaxHeapSize                              = 2147483648                                {product} {command line}
   size_t MaxNewSize                               = 715653120                                 {product} {ergonomic}
   size_t MinHeapDeltaBytes                        = 524288                                    {product} {ergonomic}
   size_t MinHeapSize                              = 104857600                                 {product} {command line}
   size_t NewSize                                  = 34603008                                  {product} {ergonomic}
    uintx NonNMethodCodeHeapSize                   = 5832780                                {pd product} {ergonomic}
    uintx NonProfiledCodeHeapSize                  = 122912730                              {pd product} {ergonomic}
   size_t OldSize                                  = 70254592                                  {product} {ergonomic}
    uintx ProfiledCodeHeapSize                     = 122912730                              {pd product} {ergonomic}
    uintx ReservedCodeCacheSize                    = 251658240                              {pd product} {ergonomic}
     bool SegmentedCodeCache                       = true                                      {product} {ergonomic}
   size_t SoftMaxHeapSize                          = 2147483648                             {manageable} {ergonomic}
     bool UseCompressedOops                        = true                           {product lp64_product} {ergonomic}
     bool UseLargePagesIndividualAllocation        = false                                  {pd product} {ergonomic}
     bool UseParallelGC                            = true                                      {product} {command line}

Logging:
Log output configuration:
 #0: stdout all=off uptime,level,tags foldmultilines=false
 #1: stderr all=off uptime,level,tags foldmultilines=false

Release file:
JAVA_VERSION="21.0.10" 
MODULES="java.base java.compiler java.datatransfer java.xml java.prefs java.desktop java.instrument java.logging java.management java.security.sasl java.naming java.rmi java.management.rmi java.net.http java.scripting java.security.jgss java.transaction.xa java.sql java.sql.rowset java.xml.crypto java.se java.smartcardio jdk.accessibility jdk.internal.jvmstat jdk.attach jdk.charsets jdk.internal.opt jdk.zipfs jdk.compiler jdk.crypto.ec jdk.crypto.cryptoki jdk.crypto.mscapi jdk.dynalink jdk.internal.ed jdk.editpad jdk.hotspot.agent jdk.httpserver jdk.internal.le jdk.internal.vm.ci jdk.internal.vm.compiler jdk.internal.vm.compiler.management jdk.jartool jdk.javadoc jdk.jcmd jdk.management jdk.management.agent jdk.jconsole jdk.jdeps jdk.jdwp.agent jdk.jdi jdk.jfr jdk.jshell jdk.jsobject jdk.jstatd jdk.localedata jdk.management.jfr jdk.naming.dns jdk.naming.rmi jdk.net jdk.nio.mapmode jdk.random jdk.sctp jdk.security.auth jdk.security.jgss jdk.unsupported jdk.unsupported.desktop jdk.xml.dom" 

Environment Variables:
JAVA_HOME=C:\Program Files\Java\jdk-21.0.10
PATH=C:\Program Files\Common Files\Oracle\Java\javapath;C:\apache-maven-3.9.13\bin;C:\Program Files\Java\jdk-21.0.10\bin;C:\apache-maven-3.9.13\bin;C:\Windows\System32;C:\Windows;C:\Windows\System32\Wbem;C:\Windows\System32\OpenSSH;C:\Program Files\Java\jdk-21.0.10\bin;C:\Program Files\MySQL\MySQL Server 8.0\bin;C:\Program Files\Git\bin;C:\Program Files\Terraform\;C:\Program Files\Amazon\AWSCLIV2\;C:\Program Files\nodejs\;C:\Program Files\dotnet\;C:\minikube;C:\Program Files\Docker\Docker\resources\bin;C:\Python311\Scripts\;C:\Python311\;D:\oracle\product\10.2.0\db_1\bin;C:\WINDOWS\system32;C:\WINDOWS;C:\WINDOWS\System32\Wbem;C:\WINDOWS\System32\WindowsPowerShell\v1.0\;C:\WINDOWS\System32\OpenSSH\;C:\Program Files (x86)\Intel\Intel(R) Management Engine Components\DAL;C:\Program Files\Intel\Intel(R) Management Engine Components\DAL;D:\Program Files\nodejs\;C:\ProgramData\chocolatey\bin;C:\Program Files\Java\jdk1.8.0_201\bin;C:\apache-tomcat-8.0.33\bin;C:\Program Files\Microsoft SQL Server\Client SDK\ODBC\170\Tools\Binn\;C:\Program Files (x86)\Microsoft SQL Server\160\Tools\Binn\;C:\Program Files\Microsoft SQL Server\160\Tools\Binn\;C:\Program Files\Microsoft SQL Server\160\DTS\Binn\;C:\Program Files (x86)\Microsoft SQL Server\160\DTS\Binn\;C:\Program Files\Microsoft SQL Server\150\Tools\Binn\;C:\Program Files\Git\cmd;C:\Pr;D:\Users\moham\AppData\Local\Programs\Microsoft VS Code\bin;C:\tools\trivy;C:\ProgramData\chocolatey\bin;C:\Users\moham\AppData\Roaming\npm
USERNAME=moham
OS=Windows_NT
PROCESSOR_IDENTIFIER=Intel64 Family 6 Model 142 Stepping 9, GenuineIntel
TMP=C:\Users\moham\AppData\Local\Temp
TEMP=C:\Users\moham\AppData\Local\Temp




Periodic native trim disabled

---------------  S Y S T E M  ---------------

OS:
 Windows 10 , 64 bit Build 19041 (10.0.19041.7291)
OS uptime: 0 days 1:25 hours
Hyper-V role detected

CPU: total 4 (initial active 4) (2 cores per cpu, 2 threads per core) family 6 model 142 stepping 9 microcode 0xf0, cx8, cmov, fxsr, ht, mmx, 3dnowpref, sse, sse2, sse3, ssse3, sse4.1, sse4.2, popcnt, lzcnt, tsc, tscinvbit, avx, avx2, aes, erms, clmul, bmi1, bmi2, adx, fma, vzeroupper, clflush, clflushopt, hv, rdtscp, f16c
Processor Information for the first 4 processors :
  Max Mhz: 2300, Current Mhz: 2300, Mhz Limit: 2300

Memory: 4k page, system-wide physical 8057M (159M free)
TotalPageFile size 16249M (AvailPageFile size 83M)
current process WorkingSet (physical memory assigned to process): 22M, peak: 812M
current process commit charge ("private bytes"): 1216M, peak: 1218M

vm_info: OpenJDK 64-Bit Server VM (21.0.10+7-LTS) for windows-amd64 JRE (21.0.10+7-LTS), built on 2026-01-20T00:00:00Z by "admin" with MS VC++ 17.12 (VS2022)

END.
